Using pre-set license
Built from '2020.3/staging' branch; Version is '2020.3.3f1 (76626098c1c4) revision 7758432'; Using compiler version '192528614'; Build Type 'Release'
OS: 'Windows 10 Pro; OS build 19042.928; Version 2009; 64bit' Language: 'en' Physical Memory: 7634 MB
BatchMode: 1, IsHumanControllingUs: 0, StartBugReporterOnCrash: 0, Is64bit: 1, IsPro: 0

 COMMAND LINE ARGUMENTS:
E:\Softwares\Unity\2020.3.3f1\Editor\Unity.exe
-adb2
-batchMode
-noUpm
-name
AssetImportWorker4
-projectPath
E:/Unity Project files/The Fish Master Clone
-logFile
Logs/AssetImportWorker4.log
-srvPort
50173
Successfully changed project path to: E:/Unity Project files/The Fish Master Clone
E:/Unity Project files/The Fish Master Clone
Using Asset Import Pipeline V2.
Refreshing native plugins compatible for Editor in 52.71 ms, found 1 plugins.
Preloading 0 native plugins for Editor in 0.00 ms.
Initialize engine version: 2020.3.3f1 (76626098c1c4)
[Subsystems] Discovering subsystems at path E:/Softwares/Unity/2020.3.3f1/Editor/Data/Resources/UnitySubsystems
[Subsystems] Discovering subsystems at path E:/Unity Project files/The Fish Master Clone/Assets
GfxDevice: creating device client; threaded=0
Direct3D:
    Version:  Direct3D 11.0 [level 11.1]
    Renderer: Intel(R) HD Graphics 4400 (ID=0x41e)
    Vendor:   
    VRAM:     2048 MB
    Driver:   20.19.15.4531
Initialize mono
Mono path[0] = 'E:/Softwares/Unity/2020.3.3f1/Editor/Data/Managed'
Mono path[1] = 'E:/Softwares/Unity/2020.3.3f1/Editor/Data/MonoBleedingEdge/lib/mono/unityjit'
Mono config path = 'E:/Softwares/Unity/2020.3.3f1/Editor/Data/MonoBleedingEdge/etc'
Using monoOptions --debugger-agent=transport=dt_socket,embedding=1,server=y,suspend=n,address=127.0.0.1:56420
Begin MonoManager ReloadAssembly
Registering precompiled unity dll's ...
Register platform support module: E:/Softwares/Unity/2020.3.3f1/Editor/Data/PlaybackEngines/WindowsStandaloneSupport/UnityEditor.WindowsStandalone.Extensions.dll
Registered in 0.001142 seconds.
Native extension for WindowsStandalone target not found
Refreshing native plugins compatible for Editor in 40.73 ms, found 1 plugins.
Preloading 0 native plugins for Editor in 0.00 ms.
Invoked RoslynAnalysisRunner static constructor.
RoslynAnalysisRunner will not be running.
RoslynAnalysisRunner has terminated.
Mono: successfully reloaded assembly
- Completed reload, in  1.687 seconds
Platform modules already initialized, skipping
Registering precompiled user dll's ...
Registered in 0.003099 seconds.
Begin MonoManager ReloadAssembly
Native extension for WindowsStandalone target not found
Refreshing native plugins compatible for Editor in 76.35 ms, found 1 plugins.
Preloading 0 native plugins for Editor in 0.00 ms.
Invoked RoslynAnalysisRunner static constructor.
RoslynAnalysisRunner will not be running.
RoslynAnalysisRunner has terminated.
Mono: successfully reloaded assembly
- Completed reload, in  3.061 seconds
Platform modules already initialized, skipping
========================================================================
Worker process is ready to serve import requests
Launched and connected shader compiler UnityShaderCompiler.exe after 0.39 seconds
Refreshing native plugins compatible for Editor in 1.91 ms, found 1 plugins.
Preloading 0 native plugins for Editor in 0.00 ms.
Unloading 1816 Unused Serialized files (Serialized files now loaded: 0)
System memory in use before: 85.1 MB.
System memory in use after: 85.1 MB.

Unloading 31 unused Assets to reduce memory usage. Loaded Objects now: 2258.
Total: 4.840600 ms (FindLiveObjects: 0.359600 ms CreateObjectMapping: 0.259400 ms MarkObjects: 3.968300 ms  DeleteObjects: 0.251500 ms)

========================================================================
Received Import Request.
  path: Assets/Scenes
  artifactKey: Guid(87cdaf7076703ac40b39258d1d2da4b7) Importer(815301076,1909f56bfc062723c751e8b465ee728b)
Start importing Assets/Scenes using Guid(87cdaf7076703ac40b39258d1d2da4b7) Importer(815301076,1909f56bfc062723c751e8b465ee728b)  -> (artifact id: 'bfa97bd94e6cfe8aacc1be3bdaa907b5') in 0.103475 seconds
  Import took 0.115900 seconds .

========================================================================
Received Import Request.
  Time since last request: 256.828550 seconds.
  path: Assets/The Fish Master Assets/Demigiant
  artifactKey: Guid(8ac8997d0afeabb4bbfbb5dfd6a442cc) Importer(815301076,1909f56bfc062723c751e8b465ee728b)
Start importing Assets/The Fish Master Assets/Demigiant using Guid(8ac8997d0afeabb4bbfbb5dfd6a442cc) Importer(815301076,1909f56bfc062723c751e8b465ee728b)  -> (artifact id: '4be07125eb605bec9a27cedbc1606da3') in 0.029798 seconds
  Import took 0.048573 seconds .

========================================================================
Received Import Request.
  Time since last request: 0.457135 seconds.
  path: Assets/The Fish Master Assets/Demigiant/DemiLib
  artifactKey: Guid(021ab45769879c3478d6f42a2fba6ea7) Importer(815301076,1909f56bfc062723c751e8b465ee728b)
Start importing Assets/The Fish Master Assets/Demigiant/DemiLib using Guid(021ab45769879c3478d6f42a2fba6ea7) Importer(815301076,1909f56bfc062723c751e8b465ee728b)  -> (artifact id: 'f111baa4682cc3bed757e8d45bdb163a') in 0.031388 seconds
  Import took 0.037219 seconds .

========================================================================
Received Import Request.
  Time since last request: 2.152128 seconds.
  path: Assets/Scenes/SampleScene.unity
  artifactKey: Guid(2cda990e2423bbf4892e6590ba056729) Importer(815301076,1909f56bfc062723c751e8b465ee728b)
Start importing Assets/Scenes/SampleScene.unity using Guid(2cda990e2423bbf4892e6590ba056729) Importer(815301076,1909f56bfc062723c751e8b465ee728b)  -> (artifact id: '0a59ef0011206403181b6dace8b464c4') in 0.061880 seconds
  Import took 0.066923 seconds .

========================================================================
Received Import Request.
  Time since last request: 0.015163 seconds.
  path: Assets/Scenes/SampleScene.unity
  artifactKey: Guid(2cda990e2423bbf4892e6590ba056729) Importer(815301076,1909f56bfc062723c751e8b465ee728b)
Start importing Assets/Scenes/SampleScene.unity using Guid(2cda990e2423bbf4892e6590ba056729) Importer(815301076,1909f56bfc062723c751e8b465ee728b)  -> (artifact id: '0a59ef0011206403181b6dace8b464c4') in 0.006890 seconds
  Import took 0.012704 seconds .

========================================================================
Received Prepare
Registering precompiled user dll's ...
Registered in 0.051216 seconds.
Begin MonoManager ReloadAssembly
Native extension for WindowsStandalone target not found
Refreshing native plugins compatible for Editor in 0.65 ms, found 1 plugins.
Preloading 0 native plugins for Editor in 0.00 ms.
Invoked RoslynAnalysisRunner static constructor.
RoslynAnalysisRunner will not be running.
RoslynAnalysisRunner has terminated.
Mono: successfully reloaded assembly
- Completed reload, in  2.729 seconds
Platform modules already initialized, skipping
Refreshing native plugins compatible for Editor in 2.95 ms, found 1 plugins.
Preloading 0 native plugins for Editor in 0.00 ms.
Unloading 1811 Unused Serialized files (Serialized files now loaded: 0)
System memory in use before: 85.1 MB.
System memory in use after: 85.1 MB.

Unloading 19 unused Assets to reduce memory usage. Loaded Objects now: 2262.
Total: 6.987300 ms (FindLiveObjects: 0.466500 ms CreateObjectMapping: 0.176400 ms MarkObjects: 5.918400 ms  DeleteObjects: 0.421000 ms)

