Using pre-set license
Built from '2020.3/staging' branch; Version is '2020.3.3f1 (76626098c1c4) revision 7758432'; Using compiler version '192528614'; Build Type 'Release'
OS: 'Windows 10 Pro; OS build 19042.928; Version 2009; 64bit' Language: 'en' Physical Memory: 7634 MB
BatchMode: 1, IsHumanControllingUs: 0, StartBugReporterOnCrash: 0, Is64bit: 1, IsPro: 0

 COMMAND LINE ARGUMENTS:
E:\Softwares\Unity\2020.3.3f1\Editor\Unity.exe
-adb2
-batchMode
-noUpm
-name
AssetImportWorker6
-projectPath
E:/Unity Project files/The Fish Master Clone
-logFile
Logs/AssetImportWorker6.log
-srvPort
53241
Successfully changed project path to: E:/Unity Project files/The Fish Master Clone
E:/Unity Project files/The Fish Master Clone
Using Asset Import Pipeline V2.
Refreshing native plugins compatible for Editor in 312.72 ms, found 1 plugins.
Preloading 0 native plugins for Editor in 0.00 ms.
Initialize engine version: 2020.3.3f1 (76626098c1c4)
[Subsystems] Discovering subsystems at path E:/Softwares/Unity/2020.3.3f1/Editor/Data/Resources/UnitySubsystems
[Subsystems] Discovering subsystems at path E:/Unity Project files/The Fish Master Clone/Assets
GfxDevice: creating device client; threaded=0
Direct3D:
    Version:  Direct3D 11.0 [level 11.1]
    Renderer: Intel(R) HD Graphics 4400 (ID=0x41e)
    Vendor:   
    VRAM:     2048 MB
    Driver:   20.19.15.4531
Initialize mono
Mono path[0] = 'E:/Softwares/Unity/2020.3.3f1/Editor/Data/Managed'
Mono path[1] = 'E:/Softwares/Unity/2020.3.3f1/Editor/Data/MonoBleedingEdge/lib/mono/unityjit'
Mono config path = 'E:/Softwares/Unity/2020.3.3f1/Editor/Data/MonoBleedingEdge/etc'
Using monoOptions --debugger-agent=transport=dt_socket,embedding=1,server=y,suspend=n,address=127.0.0.1:56840
Begin MonoManager ReloadAssembly
Registering precompiled unity dll's ...
Register platform support module: E:/Softwares/Unity/2020.3.3f1/Editor/Data/PlaybackEngines/WindowsStandaloneSupport/UnityEditor.WindowsStandalone.Extensions.dll
Registered in 0.006940 seconds.
Native extension for WindowsStandalone target not found
Refreshing native plugins compatible for Editor in 109.99 ms, found 1 plugins.
Preloading 0 native plugins for Editor in 0.00 ms.
Invoked RoslynAnalysisRunner static constructor.
RoslynAnalysisRunner will not be running.
RoslynAnalysisRunner has terminated.
Mono: successfully reloaded assembly
- Completed reload, in  4.795 seconds
Platform modules already initialized, skipping
Registering precompiled user dll's ...
Registered in 0.004470 seconds.
Begin MonoManager ReloadAssembly
Native extension for WindowsStandalone target not found
Refreshing native plugins compatible for Editor in 180.24 ms, found 1 plugins.
Preloading 0 native plugins for Editor in 0.00 ms.
Invoked RoslynAnalysisRunner static constructor.
RoslynAnalysisRunner will not be running.
RoslynAnalysisRunner has terminated.
Mono: successfully reloaded assembly
- Completed reload, in  4.228 seconds
Platform modules already initialized, skipping
========================================================================
Worker process is ready to serve import requests
Launched and connected shader compiler UnityShaderCompiler.exe after 0.47 seconds
Refreshing native plugins compatible for Editor in 1.04 ms, found 1 plugins.
Preloading 0 native plugins for Editor in 0.00 ms.
Unloading 1816 Unused Serialized files (Serialized files now loaded: 0)
System memory in use before: 85.3 MB.
System memory in use after: 85.2 MB.

Unloading 31 unused Assets to reduce memory usage. Loaded Objects now: 2258.
Total: 8.495200 ms (FindLiveObjects: 1.443900 ms CreateObjectMapping: 0.764500 ms MarkObjects: 5.962000 ms  DeleteObjects: 0.319800 ms)

========================================================================
Received Import Request.
  path: Assets/HookMovement.cs
  artifactKey: Guid(ecf2499c4327ff74f8fb8aec6f2f08f2) Importer(815301076,1909f56bfc062723c751e8b465ee728b)
Start importing Assets/HookMovement.cs using Guid(ecf2499c4327ff74f8fb8aec6f2f08f2) Importer(815301076,1909f56bfc062723c751e8b465ee728b)  -> (artifact id: '554293aa3d7ea655b49a6e8bb0531894') in 0.861610 seconds
  Import took 1.108405 seconds .

========================================================================
Received Import Request.
  Time since last request: 1305.199238 seconds.
  path: Assets/HookMovement.cs
  artifactKey: Guid(ecf2499c4327ff74f8fb8aec6f2f08f2) Importer(815301076,1909f56bfc062723c751e8b465ee728b)
Start importing Assets/HookMovement.cs using Guid(ecf2499c4327ff74f8fb8aec6f2f08f2) Importer(815301076,1909f56bfc062723c751e8b465ee728b)  -> (artifact id: '501a0202c5e033577f314448e253563c') in 0.058891 seconds
  Import took 0.274571 seconds .

========================================================================
Received Import Request.
  Time since last request: 27.294599 seconds.
  path: Assets/HookMovement.cs
  artifactKey: Guid(ecf2499c4327ff74f8fb8aec6f2f08f2) Importer(815301076,1909f56bfc062723c751e8b465ee728b)
Start importing Assets/HookMovement.cs using Guid(ecf2499c4327ff74f8fb8aec6f2f08f2) Importer(815301076,1909f56bfc062723c751e8b465ee728b)  -> (artifact id: '62a2f6a661f0701e8a862bfc4bc95b91') in 0.028417 seconds
  Import took 0.170024 seconds .

========================================================================
Received Import Request.
  Time since last request: 60.201032 seconds.
  path: Assets/HookMovement.cs
  artifactKey: Guid(ecf2499c4327ff74f8fb8aec6f2f08f2) Importer(815301076,1909f56bfc062723c751e8b465ee728b)
Start importing Assets/HookMovement.cs using Guid(ecf2499c4327ff74f8fb8aec6f2f08f2) Importer(815301076,1909f56bfc062723c751e8b465ee728b)  -> (artifact id: '94565c36959acc42197d7a5b660469bc') in 0.056346 seconds
  Import took 0.094628 seconds .

========================================================================
Received Prepare
Registering precompiled user dll's ...
Registered in 0.114840 seconds.
Begin MonoManager ReloadAssembly
Native extension for WindowsStandalone target not found
Refreshing native plugins compatible for Editor in 0.88 ms, found 1 plugins.
Preloading 0 native plugins for Editor in 0.00 ms.
Invoked RoslynAnalysisRunner static constructor.
RoslynAnalysisRunner will not be running.
RoslynAnalysisRunner has terminated.
Mono: successfully reloaded assembly
- Completed reload, in  6.780 seconds
Platform modules already initialized, skipping
Refreshing native plugins compatible for Editor in 0.98 ms, found 1 plugins.
Preloading 0 native plugins for Editor in 0.00 ms.
Unloading 1811 Unused Serialized files (Serialized files now loaded: 0)
System memory in use before: 85.2 MB.
System memory in use after: 85.2 MB.

Unloading 19 unused Assets to reduce memory usage. Loaded Objects now: 2262.
Total: 523.389900 ms (FindLiveObjects: 52.800700 ms CreateObjectMapping: 107.875900 ms MarkObjects: 341.716900 ms  DeleteObjects: 20.990900 ms)

